D:\GITREPOS\CPP\IDE\VS\CPP\CPP\DEBUG\FORWARD.OBJ
D:\GITREPOS\CPP\IDE\VS\CPP\CPP\DEBUG\INSTRUCTION.OBJ
D:\GITREPOS\CPP\IDE\VS\CPP\CPP\DEBUG\JUMP.OBJ
D:\GITREPOS\CPP\IDE\VS\CPP\CPP\DEBUG\PARSEINPUT.OBJ
D:\GITREPOS\CPP\IDE\VS\CPP\CPP\DEBUG\REPEAT.OBJ
D:\GITREPOS\CPP\IDE\VS\CPP\CPP\DEBUG\ROTATE.OBJ
D:\GITREPOS\CPP\IDE\VS\CPP\CPP\DEBUG\SHAPE.OBJ
D:\GITREPOS\CPP\IDE\VS\CPP\CPP\DEBUG\VC110.PDB
D:\GitRepos\CPP\IDE\VS\CPP\CPP\Debug\Forward.obj
D:\GitRepos\CPP\IDE\VS\CPP\CPP\Debug\Instruction.obj
D:\GitRepos\CPP\IDE\VS\CPP\CPP\Debug\Jump.obj
D:\GitRepos\CPP\IDE\VS\CPP\CPP\Debug\ParseInput.obj
D:\GitRepos\CPP\IDE\VS\CPP\CPP\Debug\Repeat.obj
D:\GitRepos\CPP\IDE\VS\CPP\CPP\Debug\Rotate.obj
D:\GitRepos\CPP\IDE\VS\CPP\CPP\Debug\shape.obj
D:\GitRepos\CPP\IDE\VS\CPP\CPP\Debug\cl.command.1.tlog
D:\GitRepos\CPP\IDE\VS\CPP\CPP\Debug\CL.read.1.tlog
D:\GitRepos\CPP\IDE\VS\CPP\CPP\Debug\CL.write.1.tlog
D:\GitRepos\CPP\IDE\VS\CPP\CPP\Debug\link-cvtres.read.1.tlog
D:\GitRepos\CPP\IDE\VS\CPP\CPP\Debug\link-cvtres.write.1.tlog
D:\GitRepos\CPP\IDE\VS\CPP\CPP\Debug\link-rc.read.1.tlog
D:\GitRepos\CPP\IDE\VS\CPP\CPP\Debug\link-rc.write.1.tlog
D:\GitRepos\CPP\IDE\VS\CPP\CPP\Debug\link.3144-cvtres.read.1.tlog
D:\GitRepos\CPP\IDE\VS\CPP\CPP\Debug\link.3144-cvtres.write.1.tlog
D:\GitRepos\CPP\IDE\VS\CPP\CPP\Debug\link.3144-rc.read.1.tlog
D:\GitRepos\CPP\IDE\VS\CPP\CPP\Debug\link.3144-rc.write.1.tlog
D:\GitRepos\CPP\IDE\VS\CPP\CPP\Debug\link.3144.read.1.tlog
D:\GitRepos\CPP\IDE\VS\CPP\CPP\Debug\link.3144.write.1.tlog
D:\GitRepos\CPP\IDE\VS\CPP\CPP\Debug\link.3460-cvtres.read.1.tlog
D:\GitRepos\CPP\IDE\VS\CPP\CPP\Debug\link.3460-cvtres.write.1.tlog
D:\GitRepos\CPP\IDE\VS\CPP\CPP\Debug\link.3460-rc.read.1.tlog
D:\GitRepos\CPP\IDE\VS\CPP\CPP\Debug\link.3460-rc.write.1.tlog
D:\GitRepos\CPP\IDE\VS\CPP\CPP\Debug\link.3460.read.1.tlog
D:\GitRepos\CPP\IDE\VS\CPP\CPP\Debug\link.3460.write.1.tlog
D:\GitRepos\CPP\IDE\VS\CPP\CPP\Debug\link.4468-cvtres.read.1.tlog
D:\GitRepos\CPP\IDE\VS\CPP\CPP\Debug\link.4468-cvtres.write.1.tlog
D:\GitRepos\CPP\IDE\VS\CPP\CPP\Debug\link.4468-rc.read.1.tlog
D:\GitRepos\CPP\IDE\VS\CPP\CPP\Debug\link.4468-rc.write.1.tlog
D:\GitRepos\CPP\IDE\VS\CPP\CPP\Debug\link.4468.read.1.tlog
D:\GitRepos\CPP\IDE\VS\CPP\CPP\Debug\link.4468.write.1.tlog
D:\GitRepos\CPP\IDE\VS\CPP\CPP\Debug\link.4556-cvtres.read.1.tlog
D:\GitRepos\CPP\IDE\VS\CPP\CPP\Debug\link.4556-cvtres.write.1.tlog
D:\GitRepos\CPP\IDE\VS\CPP\CPP\Debug\link.4556-rc.read.1.tlog
D:\GitRepos\CPP\IDE\VS\CPP\CPP\Debug\link.4556-rc.write.1.tlog
D:\GitRepos\CPP\IDE\VS\CPP\CPP\Debug\link.4556.read.1.tlog
D:\GitRepos\CPP\IDE\VS\CPP\CPP\Debug\link.4556.write.1.tlog
D:\GitRepos\CPP\IDE\VS\CPP\CPP\Debug\link.4600-cvtres.read.1.tlog
D:\GitRepos\CPP\IDE\VS\CPP\CPP\Debug\link.4600-cvtres.write.1.tlog
D:\GitRepos\CPP\IDE\VS\CPP\CPP\Debug\link.4600-rc.read.1.tlog
D:\GitRepos\CPP\IDE\VS\CPP\CPP\Debug\link.4600-rc.write.1.tlog
D:\GitRepos\CPP\IDE\VS\CPP\CPP\Debug\link.4600.read.1.tlog
D:\GitRepos\CPP\IDE\VS\CPP\CPP\Debug\link.4600.write.1.tlog
D:\GitRepos\CPP\IDE\VS\CPP\CPP\Debug\link.4756-cvtres.read.1.tlog
D:\GitRepos\CPP\IDE\VS\CPP\CPP\Debug\link.4756-cvtres.write.1.tlog
D:\GitRepos\CPP\IDE\VS\CPP\CPP\Debug\link.4756-rc.read.1.tlog
D:\GitRepos\CPP\IDE\VS\CPP\CPP\Debug\link.4756-rc.write.1.tlog
D:\GitRepos\CPP\IDE\VS\CPP\CPP\Debug\link.4756.read.1.tlog
D:\GitRepos\CPP\IDE\VS\CPP\CPP\Debug\link.4756.write.1.tlog
D:\GitRepos\CPP\IDE\VS\CPP\CPP\Debug\link.5452-cvtres.read.1.tlog
D:\GitRepos\CPP\IDE\VS\CPP\CPP\Debug\link.5452-cvtres.write.1.tlog
D:\GitRepos\CPP\IDE\VS\CPP\CPP\Debug\link.5452-rc.read.1.tlog
D:\GitRepos\CPP\IDE\VS\CPP\CPP\Debug\link.5452-rc.write.1.tlog
D:\GitRepos\CPP\IDE\VS\CPP\CPP\Debug\link.5452.read.1.tlog
D:\GitRepos\CPP\IDE\VS\CPP\CPP\Debug\link.5452.write.1.tlog
D:\GitRepos\CPP\IDE\VS\CPP\CPP\Debug\link.5908-cvtres.read.1.tlog
D:\GitRepos\CPP\IDE\VS\CPP\CPP\Debug\link.5908-cvtres.write.1.tlog
D:\GitRepos\CPP\IDE\VS\CPP\CPP\Debug\link.5908-rc.read.1.tlog
D:\GitRepos\CPP\IDE\VS\CPP\CPP\Debug\link.5908-rc.write.1.tlog
D:\GitRepos\CPP\IDE\VS\CPP\CPP\Debug\link.5908.read.1.tlog
D:\GitRepos\CPP\IDE\VS\CPP\CPP\Debug\link.5908.write.1.tlog
D:\GitRepos\CPP\IDE\VS\CPP\CPP\Debug\link.7432-cvtres.read.1.tlog
D:\GitRepos\CPP\IDE\VS\CPP\CPP\Debug\link.7432-cvtres.write.1.tlog
D:\GitRepos\CPP\IDE\VS\CPP\CPP\Debug\link.7432-rc.read.1.tlog
D:\GitRepos\CPP\IDE\VS\CPP\CPP\Debug\link.7432-rc.write.1.tlog
D:\GitRepos\CPP\IDE\VS\CPP\CPP\Debug\link.7432.read.1.tlog
D:\GitRepos\CPP\IDE\VS\CPP\CPP\Debug\link.7432.write.1.tlog
D:\GitRepos\CPP\IDE\VS\CPP\CPP\Debug\link.7788-cvtres.read.1.tlog
D:\GitRepos\CPP\IDE\VS\CPP\CPP\Debug\link.7788-cvtres.write.1.tlog
D:\GitRepos\CPP\IDE\VS\CPP\CPP\Debug\link.7788-rc.read.1.tlog
D:\GitRepos\CPP\IDE\VS\CPP\CPP\Debug\link.7788-rc.write.1.tlog
D:\GitRepos\CPP\IDE\VS\CPP\CPP\Debug\link.7788.read.1.tlog
D:\GitRepos\CPP\IDE\VS\CPP\CPP\Debug\link.7788.write.1.tlog
D:\GitRepos\CPP\IDE\VS\CPP\CPP\Debug\link.8152-cvtres.read.1.tlog
D:\GitRepos\CPP\IDE\VS\CPP\CPP\Debug\link.8152-cvtres.write.1.tlog
D:\GitRepos\CPP\IDE\VS\CPP\CPP\Debug\link.8152-rc.read.1.tlog
D:\GitRepos\CPP\IDE\VS\CPP\CPP\Debug\link.8152-rc.write.1.tlog
D:\GitRepos\CPP\IDE\VS\CPP\CPP\Debug\link.8152.read.1.tlog
D:\GitRepos\CPP\IDE\VS\CPP\CPP\Debug\link.8152.write.1.tlog
D:\GitRepos\CPP\IDE\VS\CPP\CPP\Debug\link.command.1.tlog
D:\GitRepos\CPP\IDE\VS\CPP\CPP\Debug\link.read.1.tlog
D:\GitRepos\CPP\IDE\VS\CPP\CPP\Debug\link.write.1.tlog
D:\GitRepos\CPP\IDE\VS\CPP\CPP\Debug\vc110.idb
D:\GitRepos\CPP\IDE\VS\CPP\CPP\Debug\vc110.pdb
D:\GitRepos\CPP\IDE\VS\CPP\Debug\CPP.pdb
