D:\GITREPOS\CPP\IDE\VS\CPP\CPP\RELEASE\SHAPE.OBJ
D:\GITREPOS\CPP\IDE\VS\CPP\CPP\RELEASE\ROTATE.OBJ
D:\GITREPOS\CPP\IDE\VS\CPP\CPP\RELEASE\REPEAT.OBJ
D:\GITREPOS\CPP\IDE\VS\CPP\CPP\RELEASE\PARSEINPUT.OBJ
D:\GITREPOS\CPP\IDE\VS\CPP\CPP\RELEASE\JUMP.OBJ
D:\GITREPOS\CPP\IDE\VS\CPP\CPP\RELEASE\INSTRUCTION.OBJ
D:\GITREPOS\CPP\IDE\VS\CPP\CPP\RELEASE\FORWARD.OBJ
D:\GITREPOS\CPP\IDE\VS\CPP\CPP\RELEASE\VC110.PDB
D:\GITREPOS\CPP\IDE\VS\CPP\RELEASE\CPP.EXE
D:\GITREPOS\CPP\IDE\VS\CPP\RELEASE\CPP.PDB
D:\GitRepos\CPP\IDE\VS\CPP\CPP\Release\Forward.obj
D:\GitRepos\CPP\IDE\VS\CPP\CPP\Release\Instruction.obj
D:\GitRepos\CPP\IDE\VS\CPP\CPP\Release\Jump.obj
D:\GitRepos\CPP\IDE\VS\CPP\CPP\Release\ParseInput.obj
D:\GitRepos\CPP\IDE\VS\CPP\CPP\Release\Repeat.obj
D:\GitRepos\CPP\IDE\VS\CPP\CPP\Release\Rotate.obj
D:\GitRepos\CPP\IDE\VS\CPP\CPP\Release\shape.obj
D:\GitRepos\CPP\IDE\VS\CPP\CPP\Release\cl.command.1.tlog
D:\GitRepos\CPP\IDE\VS\CPP\CPP\Release\CL.read.1.tlog
D:\GitRepos\CPP\IDE\VS\CPP\CPP\Release\CL.write.1.tlog
D:\GitRepos\CPP\IDE\VS\CPP\CPP\Release\link-cvtres.read.1.tlog
D:\GitRepos\CPP\IDE\VS\CPP\CPP\Release\link-cvtres.write.1.tlog
D:\GitRepos\CPP\IDE\VS\CPP\CPP\Release\link-rc.read.1.tlog
D:\GitRepos\CPP\IDE\VS\CPP\CPP\Release\link-rc.write.1.tlog
D:\GitRepos\CPP\IDE\VS\CPP\CPP\Release\link.command.1.tlog
D:\GitRepos\CPP\IDE\VS\CPP\CPP\Release\link.read.1.tlog
D:\GitRepos\CPP\IDE\VS\CPP\CPP\Release\link.write.1.tlog
D:\GitRepos\CPP\IDE\VS\CPP\CPP\Release\vc110.pdb
D:\GitRepos\CPP\IDE\VS\CPP\Release\CPP.pdb
D:\GitRepos\CPP\IDE\VS\CPP\Release\CPP.exe
